app/build/intermediates/manifest_merge_blame_file/debug/manifest-merger-blame-debug-report.txt
1<?xml version="1.0" encoding="utf-8"?>
2<manifest xmlns:android="http://schemas.android.com/apk/res/android"
3    package="com.example.pm1e2grupo5"
4    android:versionCode="1"
5    android:versionName="1.0" >
6
7    <uses-sdk
8        android:minSdkVersion="24"
9        android:targetSdkVersion="34" />
10
11    <uses-feature
11-->src\main\AndroidManifest.xml:5:5-7:36
12        android:name="android.hardware.camera"
12-->src\main\AndroidManifest.xml:6:9-47
13        android:required="false" />
13-->src\main\AndroidManifest.xml:7:9-33
14
15    <uses-permission android:name="android.permission.WRITE_EXTERNAL_STORAGE" />
15-->src\main\AndroidManifest.xml:9:5-81
15-->src\main\AndroidManifest.xml:9:22-78
16    <uses-permission android:name="android.permission.READ_EXTERNAL_STORAGE" />
16-->src\main\AndroidManifest.xml:10:5-80
16-->src\main\AndroidManifest.xml:10:22-77
17    <uses-permission android:name="android.permission.CAMERA" />
17-->src\main\AndroidManifest.xml:11:5-65
17-->src\main\AndroidManifest.xml:11:22-62
18    <uses-permission android:name="android.permission.INTERNET" />
18-->src\main\AndroidManifest.xml:12:5-67
18-->src\main\AndroidManifest.xml:12:22-64
19    <uses-permission android:name="android.permission.ACCESS_FINE_LOCATION" />
19-->src\main\AndroidManifest.xml:13:5-79
19-->src\main\AndroidManifest.xml:13:22-76
20    <uses-permission android:name="android.permission.ACCESS_COARSE_LOCATION" />
20-->src\main\AndroidManifest.xml:14:5-81
20-->src\main\AndroidManifest.xml:14:22-78
21    <uses-permission android:name="android.permission.ACCESS_BACKGROUND_LOCATION" />
21-->src\main\AndroidManifest.xml:15:5-85
21-->src\main\AndroidManifest.xml:15:22-82
22    <uses-permission android:name="android.permission.SET_WALLPAPER" />
22-->src\main\AndroidManifest.xml:16:5-72
22-->src\main\AndroidManifest.xml:16:22-69
23    <uses-permission android:name="android.permission.ACCESS_NETWORK_STATE" />
23-->src\main\AndroidManifest.xml:17:5-79
23-->src\main\AndroidManifest.xml:17:22-76
24
25    <queries>
25-->src\main\AndroidManifest.xml:19:5-36:15
26
27        <!-- Browser -->
28        <intent>
28-->src\main\AndroidManifest.xml:21:9-25:18
29            <action android:name="android.intent.action.VIEW" />
29-->src\main\AndroidManifest.xml:22:13-65
29-->src\main\AndroidManifest.xml:22:21-62
30
31            <data android:scheme="http" />
31-->src\main\AndroidManifest.xml:24:13-43
31-->src\main\AndroidManifest.xml:24:19-40
32        </intent>
33
34        <!-- Camera -->
35        <intent>
35-->src\main\AndroidManifest.xml:28:9-30:18
36            <action android:name="android.media.action.IMAGE_CAPTURE" />
36-->src\main\AndroidManifest.xml:29:13-73
36-->src\main\AndroidManifest.xml:29:21-70
37        </intent>
38
39        <!-- Gallery -->
40        <intent>
40-->src\main\AndroidManifest.xml:33:9-35:18
41            <action android:name="android.intent.action.GET_CONTENT" />
41-->src\main\AndroidManifest.xml:34:13-72
41-->src\main\AndroidManifest.xml:34:21-69
42        </intent>
43        <!-- Needs to be explicitly declared on Android R+ -->
44        <package android:name="com.google.android.apps.maps" />
44-->[com.google.android.gms:play-services-maps:18.2.0] AndroidManifest.xml:33:9-64
44-->[com.google.android.gms:play-services-maps:18.2.0] AndroidManifest.xml:33:18-61
45    </queries>
46
47    <uses-feature
47-->[com.google.android.gms:play-services-maps:18.2.0] AndroidManifest.xml:26:5-28:35
48        android:glEsVersion="0x00020000"
48-->[com.google.android.gms:play-services-maps:18.2.0] AndroidManifest.xml:27:9-41
49        android:required="true" />
49-->[com.google.android.gms:play-services-maps:18.2.0] AndroidManifest.xml:28:9-32
50
51    <permission
51-->[androidx.core:core:1.9.0] AndroidManifest.xml:22:5-24:47
52        android:name="com.example.pm1e2grupo5.DYNAMIC_RECEIVER_NOT_EXPORTED_PERMISSION"
52-->[androidx.core:core:1.9.0] AndroidManifest.xml:23:9-81
53        android:protectionLevel="signature" />
53-->[androidx.core:core:1.9.0] AndroidManifest.xml:24:9-44
54
55    <uses-permission android:name="com.example.pm1e2grupo5.DYNAMIC_RECEIVER_NOT_EXPORTED_PERMISSION" />
55-->[androidx.core:core:1.9.0] AndroidManifest.xml:26:5-97
55-->[androidx.core:core:1.9.0] AndroidManifest.xml:26:22-94
56
57    <application
57-->src\main\AndroidManifest.xml:38:5-80:19
58        android:allowBackup="true"
58-->src\main\AndroidManifest.xml:39:9-35
59        android:appComponentFactory="androidx.core.app.CoreComponentFactory"
59-->[androidx.core:core:1.9.0] AndroidManifest.xml:28:18-86
60        android:dataExtractionRules="@xml/data_extraction_rules"
60-->src\main\AndroidManifest.xml:40:9-65
61        android:debuggable="true"
62        android:extractNativeLibs="false"
63        android:fullBackupContent="@xml/backup_rules"
63-->src\main\AndroidManifest.xml:41:9-54
64        android:icon="@mipmap/ic_launcher"
64-->src\main\AndroidManifest.xml:42:9-43
65        android:label="@string/app_name"
65-->src\main\AndroidManifest.xml:43:9-41
66        android:roundIcon="@mipmap/ic_launcher_round"
66-->src\main\AndroidManifest.xml:44:9-54
67        android:supportsRtl="true"
67-->src\main\AndroidManifest.xml:45:9-35
68        android:testOnly="true"
69        android:theme="@style/Theme.PM1E2Grupo5"
69-->src\main\AndroidManifest.xml:46:9-49
70        android:usesCleartextTraffic="true" >
70-->src\main\AndroidManifest.xml:47:9-44
71        <activity
71-->src\main\AndroidManifest.xml:49:9-51:40
72            android:name="com.example.pm1e2grupo5.Ubicacion"
72-->src\main\AndroidManifest.xml:50:13-38
73            android:exported="false" />
73-->src\main\AndroidManifest.xml:51:13-37
74        <activity
74-->src\main\AndroidManifest.xml:52:9-54:40
75            android:name="com.example.pm1e2grupo5.ContactosActivity"
75-->src\main\AndroidManifest.xml:53:13-46
76            android:exported="false" />
76-->src\main\AndroidManifest.xml:54:13-37
77        <activity
77-->src\main\AndroidManifest.xml:55:9-63:20
78            android:name="com.example.pm1e2grupo5.MainActivity"
78-->src\main\AndroidManifest.xml:56:13-41
79            android:exported="true" >
79-->src\main\AndroidManifest.xml:57:13-36
80            <intent-filter>
80-->src\main\AndroidManifest.xml:58:13-62:29
81                <action android:name="android.intent.action.MAIN" />
81-->src\main\AndroidManifest.xml:59:17-69
81-->src\main\AndroidManifest.xml:59:25-66
82
83                <category android:name="android.intent.category.LAUNCHER" />
83-->src\main\AndroidManifest.xml:61:17-77
83-->src\main\AndroidManifest.xml:61:27-74
84            </intent-filter>
85        </activity>
86
87        <provider
87-->src\main\AndroidManifest.xml:65:9-73:20
88            android:name="androidx.core.content.FileProvider"
88-->src\main\AndroidManifest.xml:66:13-62
89            android:authorities="com.example.pm1e2grupo5.fileprovider"
89-->src\main\AndroidManifest.xml:67:13-71
90            android:exported="false"
90-->src\main\AndroidManifest.xml:68:13-37
91            android:grantUriPermissions="true" >
91-->src\main\AndroidManifest.xml:69:13-47
92            <meta-data
92-->src\main\AndroidManifest.xml:70:13-72:58
93                android:name="android.support.FILE_PROVIDER_PATHS"
93-->src\main\AndroidManifest.xml:71:17-67
94                android:resource="@xml/provider_paths" />
94-->src\main\AndroidManifest.xml:72:17-55
95        </provider>
96
97        <meta-data
97-->src\main\AndroidManifest.xml:74:9-76:69
98            android:name="com.google.android.gms.version"
98-->src\main\AndroidManifest.xml:75:13-58
99            android:value="@integer/google_play_services_version" />
99-->src\main\AndroidManifest.xml:76:13-66
100        <meta-data
100-->src\main\AndroidManifest.xml:77:9-79:71
101            android:name="com.google.android.geo.API_KEY"
101-->src\main\AndroidManifest.xml:78:13-58
102            android:value="AIzaSyDsIX3QOd7eVg9JgfnFtrILAN4BzPuLmIw" />
102-->src\main\AndroidManifest.xml:79:13-68
103        <!-- Needs to be explicitly declared on P+ -->
104        <uses-library
104-->[com.google.android.gms:play-services-maps:18.2.0] AndroidManifest.xml:39:9-41:40
105            android:name="org.apache.http.legacy"
105-->[com.google.android.gms:play-services-maps:18.2.0] AndroidManifest.xml:40:13-50
106            android:required="false" />
106-->[com.google.android.gms:play-services-maps:18.2.0] AndroidManifest.xml:41:13-37
107
108        <activity
108-->[com.google.android.gms:play-services-base:18.3.0] AndroidManifest.xml:20:9-22:45
109            android:name="com.google.android.gms.common.api.GoogleApiActivity"
109-->[com.google.android.gms:play-services-base:18.3.0] AndroidManifest.xml:20:19-85
110            android:exported="false"
110-->[com.google.android.gms:play-services-base:18.3.0] AndroidManifest.xml:22:19-43
111            android:theme="@android:style/Theme.Translucent.NoTitleBar" />
111-->[com.google.android.gms:play-services-base:18.3.0] AndroidManifest.xml:21:19-78
112
113        <provider
113-->[androidx.emoji2:emoji2:1.2.0] AndroidManifest.xml:24:9-32:20
114            android:name="androidx.startup.InitializationProvider"
114-->[androidx.emoji2:emoji2:1.2.0] AndroidManifest.xml:25:13-67
115            android:authorities="com.example.pm1e2grupo5.androidx-startup"
115-->[androidx.emoji2:emoji2:1.2.0] AndroidManifest.xml:26:13-68
116            android:exported="false" >
116-->[androidx.emoji2:emoji2:1.2.0] AndroidManifest.xml:27:13-37
117            <meta-data
117-->[androidx.emoji2:emoji2:1.2.0] AndroidManifest.xml:29:13-31:52
118                android:name="androidx.emoji2.text.EmojiCompatInitializer"
118-->[androidx.emoji2:emoji2:1.2.0] AndroidManifest.xml:30:17-75
119                android:value="androidx.startup" />
119-->[androidx.emoji2:emoji2:1.2.0] AndroidManifest.xml:31:17-49
120            <meta-data
120-->[androidx.lifecycle:lifecycle-process:2.6.1] AndroidManifest.xml:29:13-31:52
121                android:name="androidx.lifecycle.ProcessLifecycleInitializer"
121-->[androidx.lifecycle:lifecycle-process:2.6.1] AndroidManifest.xml:30:17-78
122                android:value="androidx.startup" />
122-->[androidx.lifecycle:lifecycle-process:2.6.1] AndroidManifest.xml:31:17-49
123            <meta-data
123-->[androidx.profileinstaller:profileinstaller:1.3.0] AndroidManifest.xml:29:13-31:52
124                android:name="androidx.profileinstaller.ProfileInstallerInitializer"
124-->[androidx.profileinstaller:profileinstaller:1.3.0] AndroidManifest.xml:30:17-85
125                android:value="androidx.startup" />
125-->[androidx.profileinstaller:profileinstaller:1.3.0] AndroidManifest.xml:31:17-49
126        </provider>
127
128        <receiver
128-->[androidx.profileinstaller:profileinstaller:1.3.0] AndroidManifest.xml:34:9-52:20
129            android:name="androidx.profileinstaller.ProfileInstallReceiver"
129-->[androidx.profileinstaller:profileinstaller:1.3.0] AndroidManifest.xml:35:13-76
130            android:directBootAware="false"
130-->[androidx.profileinstaller:profileinstaller:1.3.0] AndroidManifest.xml:36:13-44
131            android:enabled="true"
131-->[androidx.profileinstaller:profileinstaller:1.3.0] AndroidManifest.xml:37:13-35
132            android:exported="true"
132-->[androidx.profileinstaller:profileinstaller:1.3.0] AndroidManifest.xml:38:13-36
133            android:permission="android.permission.DUMP" >
133-->[androidx.profileinstaller:profileinstaller:1.3.0] AndroidManifest.xml:39:13-57
134            <intent-filter>
134-->[androidx.profileinstaller:profileinstaller:1.3.0] AndroidManifest.xml:40:13-42:29
135                <action android:name="androidx.profileinstaller.action.INSTALL_PROFILE" />
135-->[androidx.profileinstaller:profileinstaller:1.3.0] AndroidManifest.xml:41:17-91
135-->[androidx.profileinstaller:profileinstaller:1.3.0] AndroidManifest.xml:41:25-88
136            </intent-filter>
137            <intent-filter>
137-->[androidx.profileinstaller:profileinstaller:1.3.0] AndroidManifest.xml:43:13-45:29
138                <action android:name="androidx.profileinstaller.action.SKIP_FILE" />
138-->[androidx.profileinstaller:profileinstaller:1.3.0] AndroidManifest.xml:44:17-85
138-->[androidx.profileinstaller:profileinstaller:1.3.0] AndroidManifest.xml:44:25-82
139            </intent-filter>
140            <intent-filter>
140-->[androidx.profileinstaller:profileinstaller:1.3.0] AndroidManifest.xml:46:13-48:29
141                <action android:name="androidx.profileinstaller.action.SAVE_PROFILE" />
141-->[androidx.profileinstaller:profileinstaller:1.3.0] AndroidManifest.xml:47:17-88
141-->[androidx.profileinstaller:profileinstaller:1.3.0] AndroidManifest.xml:47:25-85
142            </intent-filter>
143            <intent-filter>
143-->[androidx.profileinstaller:profileinstaller:1.3.0] AndroidManifest.xml:49:13-51:29
144                <action android:name="androidx.profileinstaller.action.BENCHMARK_OPERATION" />
144-->[androidx.profileinstaller:profileinstaller:1.3.0] AndroidManifest.xml:50:17-95
144-->[androidx.profileinstaller:profileinstaller:1.3.0] AndroidManifest.xml:50:25-92
145            </intent-filter>
146        </receiver>
147    </application>
148
149</manifest>